<?xml version="1.0" encoding="UTF-8"?>
<testng-results ignored="0" total="1" passed="1" failed="0" skipped="0">
  <reporter-output>
  </reporter-output>
  <suite started-at="2024-09-05T13:38:27 IST" name="Suite" finished-at="2024-09-05T13:38:52 IST" duration-ms="24795">
    <groups>
    </groups>
    <test started-at="2024-09-05T13:38:27 IST" name="Test" finished-at="2024-09-05T13:38:52 IST" duration-ms="24795">
      <class name="testCases.TC002_NewCustomerTest">
        <test-method is-config="true" signature="setup(java.lang.String,java.lang.String)[pri:0, instance:testCases.TC002_NewCustomerTest@117e0fe5]" started-at="2024-09-05T13:38:27 IST" name="setup" finished-at="2024-09-05T13:38:32 IST" duration-ms="4796" status="PASS">
          <params>
            <param index="0">
              <value>
                <![CDATA[windows]]>
              </value>
            </param>
            <param index="1">
              <value>
                <![CDATA[chrome]]>
              </value>
            </param>
          </params>
          <reporter-output>
          </reporter-output>
        </test-method> <!-- setup -->
        <test-method signature="addNew()[pri:0, instance:testCases.TC002_NewCustomerTest@117e0fe5]" started-at="2024-09-05T13:38:32 IST" name="addNew" finished-at="2024-09-05T13:38:51 IST" duration-ms="19391" status="PASS">
          <reporter-output>
          </reporter-output>
        </test-method> <!-- addNew -->
        <test-method is-config="true" signature="tearDown()[pri:0, instance:testCases.TC002_NewCustomerTest@117e0fe5]" started-at="2024-09-05T13:38:51 IST" name="tearDown" finished-at="2024-09-05T13:38:52 IST" duration-ms="276" status="PASS">
          <reporter-output>
          </reporter-output>
        </test-method> <!-- tearDown -->
      </class> <!-- testCases.TC002_NewCustomerTest -->
    </test> <!-- Test -->
  </suite> <!-- Suite -->
</testng-results>
